d:\gitsrc\ctrl\ctrl\x64\debug\vc140.pdb
d:\gitsrc\ctrl\ctrl\x64\debug\vc140.idb
d:\gitsrc\ctrl\ctrl\x64\debug\ability.obj
d:\gitsrc\ctrl\ctrl\x64\debug\cbodystatus.obj
d:\gitsrc\ctrl\ctrl\x64\debug\ccharactor.obj
d:\gitsrc\ctrl\ctrl\x64\debug\computertechrank.obj
d:\gitsrc\ctrl\ctrl\x64\debug\csability.obj
d:\gitsrc\ctrl\ctrl\x64\debug\daycalc.obj
d:\gitsrc\ctrl\ctrl\x64\debug\femalehunted.obj
d:\gitsrc\ctrl\ctrl\x64\debug\fortune.obj
d:\gitsrc\ctrl\ctrl\x64\debug\g_attr.obj
d:\gitsrc\ctrl\ctrl\x64\debug\io.obj
d:\gitsrc\ctrl\ctrl\x64\debug\main.obj
d:\gitsrc\ctrl\ctrl\x64\debug\mysqlcontroller.obj
d:\gitsrc\ctrl\ctrl\x64\debug\netstatus.obj
d:\gitsrc\ctrl\ctrl\x64\debug\rank.obj
d:\gitsrc\ctrl\ctrl\x64\debug\sexability.obj
d:\gitsrc\ctrl\ctrl\x64\debug\ui.obj
d:\gitsrc\ctrl\ctrl\x64\debug\threads.obj
d:\gitsrc\ctrl\ctrl\x64\debug\usethreads.obj
d:\gitsrc\ctrl\x64\debug\ctrl.ilk
d:\gitsrc\ctrl\x64\debug\ctrl.exe
d:\gitsrc\ctrl\x64\debug\ctrl.pdb
d:\gitsrc\ctrl\ctrl\x64\debug\ctrl.tlog\cl.command.1.tlog
d:\gitsrc\ctrl\ctrl\x64\debug\ctrl.tlog\cl.read.1.tlog
d:\gitsrc\ctrl\ctrl\x64\debug\ctrl.tlog\cl.write.1.tlog
d:\gitsrc\ctrl\ctrl\x64\debug\ctrl.tlog\link.command.1.tlog
d:\gitsrc\ctrl\ctrl\x64\debug\ctrl.tlog\link.read.1.tlog
d:\gitsrc\ctrl\ctrl\x64\debug\ctrl.tlog\link.write.1.tlog
